This file contains any messages produced by compilers while
running configure, to aid debugging if configure makes a mistake.

It was created by libflame configure r52, which was
generated by GNU Autoconf 2.69.  Invocation command line was

  $ ./configure --enable-blas3-front-end-cntl-trees

## --------- ##
## Platform. ##
## --------- ##

hostname = wireless-206-76-99-9.public.utexas.edu
uname -m = i386
uname -r = 10.8.0
uname -s = Darwin
uname -v = Darwin Kernel Version 10.8.0: Tue Jun  7 16:33:36 PDT 2011; root:xnu-1504.15.3~1/RELEASE_I386

/usr/bin/uname -p = i386
/bin/uname -X     = unknown

/bin/arch              = unknown
/usr/bin/arch -k       = unknown
/usr/convex/getsysinfo = unknown
/usr/bin/hostinfo      = Mach kernel version:
	 Darwin Kernel Version 10.8.0: Tue Jun  7 16:33:36 PDT 2011; root:xnu-1504.15.3~1/RELEASE_I386
Kernel configured for up to 2 processors.
2 processors are physically available.
2 processors are logically available.
Processor type: i486 (Intel 80486)
Processors active: 0 1
Primary memory available: 8.00 gigabytes
Default processor set: 62 tasks, 331 threads, 2 processors
Load average: 0.58, Mach factor: 1.41
/bin/machine           = unknown
/usr/bin/oslevel       = unknown
/bin/universe          = unknown

PATH: /opt/local/bin
PATH: /opt/local/sbin
PATH: /Users/martin/valgrind/bin
PATH: /Applications/Doxygen.app/Contents/Resources
PATH: /Users/martin/scripts
PATH: /Users/martin/wine/wine-1.1.44/bin
PATH: /usr/bin
PATH: /bin
PATH: /usr/sbin
PATH: /sbin
PATH: /usr/local/bin
PATH: /opt/X11/bin
PATH: /usr/texbin
PATH: /usr/X11/bin
PATH: /Library/Frameworks/GHC.framework/Versions/610/usr/bin
PATH: /Users/martin/bin
PATH: /Users/martin/android-sdk-macosx/tools
PATH: /Users/martin/android-sdk-macosx/platform-tools


## ----------- ##
## Core tests. ##
## ----------- ##

configure:2518: checking build system type
configure:2532: result: x86_64-apple-darwin10.8.0
configure:2552: checking host system type
configure:2565: result: x86_64-apple-darwin10.8.0
configure:2661: checking for GNU make
configure:2676: result: make
configure:2690: checking for GNU bash
configure:2707: result: bash
configure:2717: checking whether user requested a specific C compiler
configure:2761: result: no
configure:2831: checking for gcc
configure:2847: found /usr/bin/gcc
configure:2858: result: gcc
configure:2889: checking for C compiler version
configure:2898: gcc --version >&5
i686-apple-darwin10-gcc-4.2.1 (GCC) 4.2.1 (Apple Inc. build 5666) (dot 3)
Copyright (C) 2007 Free Software Foundation, Inc.
This is free software; see the source for copying conditions.  There is NO
warranty; not even for MERCHANTABILITY or FITNESS FOR A PARTICULAR PURPOSE.

configure:2909: $? = 0
configure:2898: gcc -v >&5
Using built-in specs.
Target: i686-apple-darwin10
Configured with: /var/tmp/gcc/gcc-5666.3~6/src/configure --disable-checking --enable-werror --prefix=/usr --mandir=/share/man --enable-languages=c,objc,c++,obj-c++ --program-transform-name=/^[cg][^.-]*$/s/$/-4.2/ --with-slibdir=/usr/lib --build=i686-apple-darwin10 --program-prefix=i686-apple-darwin10- --host=x86_64-apple-darwin10 --target=i686-apple-darwin10 --with-gxx-include-dir=/include/c++/4.2.1
Thread model: posix
gcc version 4.2.1 (Apple Inc. build 5666) (dot 3)
configure:2909: $? = 0
configure:2898: gcc -V >&5
gcc-4.2: argument to `-V' is missing
configure:2909: $? = 1
configure:2898: gcc -qversion >&5
i686-apple-darwin10-gcc-4.2.1: no input files
configure:2909: $? = 1
configure:2929: checking whether the C compiler works
configure:2951: gcc    conftest.c  >&5
configure:2955: $? = 0
configure:3003: result: yes
configure:3006: checking for C compiler default output file name
configure:3008: result: a.out
configure:3014: checking for suffix of executables
configure:3021: gcc -o conftest    conftest.c  >&5
configure:3025: $? = 0
configure:3047: result: 
configure:3069: checking whether we are cross compiling
configure:3077: gcc -o conftest    conftest.c  >&5
configure:3081: $? = 0
configure:3088: ./conftest
configure:3092: $? = 0
configure:3107: result: no
configure:3112: checking for suffix of object files
configure:3134: gcc -c   conftest.c >&5
configure:3138: $? = 0
configure:3159: result: o
configure:3163: checking whether we are using the GNU C compiler
configure:3182: gcc -c   conftest.c >&5
configure:3182: $? = 0
configure:3191: result: yes
configure:3200: checking whether gcc accepts -g
configure:3220: gcc -c -g  conftest.c >&5
configure:3220: $? = 0
configure:3261: result: yes
configure:3278: checking for gcc option to accept ISO C89
configure:3341: gcc  -c -g -O2  conftest.c >&5
configure:3341: $? = 0
configure:3354: result: none needed
configure:3383: checking whether user requested a specific library archiver
configure:3427: result: no
configure:3496: checking for ar
configure:3512: found /opt/local/bin/ar
configure:3524: result: ar
configure:3542: checking whether user requested a specific library archive indexer
configure:3586: result: no
configure:3655: checking for ranlib
configure:3671: found /opt/local/bin/ranlib
configure:3683: result: ranlib
configure:3714: checking for a BSD-compatible install
configure:3782: result: /usr/bin/install -c
configure:3799: checking for find
configure:3815: found /usr/bin/find
configure:3827: result: find
configure:3847: checking for xargs
configure:3863: found /usr/bin/xargs
configure:3875: result: xargs
configure:3890: checking whether ln -s works
configure:3894: result: yes
configure:3920: checking how to run the C preprocessor
configure:3951: gcc -E  conftest.c
configure:3951: $? = 0
configure:3965: gcc -E  conftest.c
conftest.c:9:28: error: ac_nonexistent.h: No such file or directory
configure:3965: $? = 1
configure: failed program was:
| /* confdefs.h */
| #define PACKAGE_NAME "libflame"
| #define PACKAGE_TARNAME "libflame"
| #define PACKAGE_VERSION "r`cat revision`"
| #define PACKAGE_STRING "libflame r`cat revision`"
| #define PACKAGE_BUGREPORT "flame@cs.utexas.edu"
| #define PACKAGE_URL "http://www.cs.utexas.edu/users/flame/"
| /* end confdefs.h.  */
| #include <ac_nonexistent.h>
configure:3990: result: gcc -E
configure:4010: gcc -E  conftest.c
configure:4010: $? = 0
configure:4024: gcc -E  conftest.c
conftest.c:9:28: error: ac_nonexistent.h: No such file or directory
configure:4024: $? = 1
configure: failed program was:
| /* confdefs.h */
| #define PACKAGE_NAME "libflame"
| #define PACKAGE_TARNAME "libflame"
| #define PACKAGE_VERSION "r`cat revision`"
| #define PACKAGE_STRING "libflame r`cat revision`"
| #define PACKAGE_BUGREPORT "flame@cs.utexas.edu"
| #define PACKAGE_URL "http://www.cs.utexas.edu/users/flame/"
| /* end confdefs.h.  */
| #include <ac_nonexistent.h>
configure:4053: checking for grep that handles long lines and -e
configure:4111: result: /usr/bin/grep
configure:4116: checking for egrep
configure:4178: result: /usr/bin/grep -E
configure:4183: checking for ANSI C header files
configure:4203: gcc -c -g -O2  conftest.c >&5
configure:4203: $? = 0
configure:4276: gcc -o conftest -g -O2   conftest.c  >&5
configure:4276: $? = 0
configure:4276: ./conftest
configure:4276: $? = 0
configure:4287: result: yes
configure:4301: checking for sys/types.h
configure:4301: gcc -c -g -O2  conftest.c >&5
configure:4301: $? = 0
configure:4301: result: yes
configure:4301: checking for sys/stat.h
configure:4301: gcc -c -g -O2  conftest.c >&5
configure:4301: $? = 0
configure:4301: result: yes
configure:4301: checking for stdlib.h
configure:4301: gcc -c -g -O2  conftest.c >&5
configure:4301: $? = 0
configure:4301: result: yes
configure:4301: checking for string.h
configure:4301: gcc -c -g -O2  conftest.c >&5
configure:4301: $? = 0
configure:4301: result: yes
configure:4301: checking for memory.h
configure:4301: gcc -c -g -O2  conftest.c >&5
configure:4301: $? = 0
configure:4301: result: yes
configure:4301: checking for strings.h
configure:4301: gcc -c -g -O2  conftest.c >&5
configure:4301: $? = 0
configure:4301: result: yes
configure:4301: checking for inttypes.h
configure:4301: gcc -c -g -O2  conftest.c >&5
configure:4301: $? = 0
configure:4301: result: yes
configure:4301: checking for stdint.h
configure:4301: gcc -c -g -O2  conftest.c >&5
configure:4301: $? = 0
configure:4301: result: yes
configure:4301: checking for unistd.h
configure:4301: gcc -c -g -O2  conftest.c >&5
configure:4301: $? = 0
configure:4301: result: yes
configure:4315: checking ia64intrin.h usability
configure:4315: gcc -c -g -O2  conftest.c >&5
conftest.c:52:24: error: ia64intrin.h: No such file or directory
configure:4315: $? = 1
configure: failed program was:
| /* confdefs.h */
| #define PACKAGE_NAME "libflame"
| #define PACKAGE_TARNAME "libflame"
| #define PACKAGE_VERSION "r`cat revision`"
| #define PACKAGE_STRING "libflame r`cat revision`"
| #define PACKAGE_BUGREPORT "flame@cs.utexas.edu"
| #define PACKAGE_URL "http://www.cs.utexas.edu/users/flame/"
| #define STDC_HEADERS 1
| #define HAVE_SYS_TYPES_H 1
| #define HAVE_SYS_STAT_H 1
| #define HAVE_STDLIB_H 1
| #define HAVE_STRING_H 1
| #define HAVE_MEMORY_H 1
| #define HAVE_STRINGS_H 1
| #define HAVE_INTTYPES_H 1
| #define HAVE_STDINT_H 1
| #define HAVE_UNISTD_H 1
| /* end confdefs.h.  */
| #include <stdio.h>
| #ifdef HAVE_SYS_TYPES_H
| # include <sys/types.h>
| #endif
| #ifdef HAVE_SYS_STAT_H
| # include <sys/stat.h>
| #endif
| #ifdef STDC_HEADERS
| # include <stdlib.h>
| # include <stddef.h>
| #else
| # ifdef HAVE_STDLIB_H
| #  include <stdlib.h>
| # endif
| #endif
| #ifdef HAVE_STRING_H
| # if !defined STDC_HEADERS && defined HAVE_MEMORY_H
| #  include <memory.h>
| # endif
| # include <string.h>
| #endif
| #ifdef HAVE_STRINGS_H
| # include <strings.h>
| #endif
| #ifdef HAVE_INTTYPES_H
| # include <inttypes.h>
| #endif
| #ifdef HAVE_STDINT_H
| # include <stdint.h>
| #endif
| #ifdef HAVE_UNISTD_H
| # include <unistd.h>
| #endif
| #include <ia64intrin.h>
configure:4315: result: no
configure:4315: checking ia64intrin.h presence
configure:4315: gcc -E  conftest.c
conftest.c:19:24: error: ia64intrin.h: No such file or directory
configure:4315: $? = 1
configure: failed program was:
| /* confdefs.h */
| #define PACKAGE_NAME "libflame"
| #define PACKAGE_TARNAME "libflame"
| #define PACKAGE_VERSION "r`cat revision`"
| #define PACKAGE_STRING "libflame r`cat revision`"
| #define PACKAGE_BUGREPORT "flame@cs.utexas.edu"
| #define PACKAGE_URL "http://www.cs.utexas.edu/users/flame/"
| #define STDC_HEADERS 1
| #define HAVE_SYS_TYPES_H 1
| #define HAVE_SYS_STAT_H 1
| #define HAVE_STDLIB_H 1
| #define HAVE_STRING_H 1
| #define HAVE_MEMORY_H 1
| #define HAVE_STRINGS_H 1
| #define HAVE_INTTYPES_H 1
| #define HAVE_STDINT_H 1
| #define HAVE_UNISTD_H 1
| /* end confdefs.h.  */
| #include <ia64intrin.h>
configure:4315: result: no
configure:4315: checking for ia64intrin.h
configure:4315: result: no
configure:4329: checking fcntl.h usability
configure:4329: gcc -c -g -O2  conftest.c >&5
configure:4329: $? = 0
configure:4329: result: yes
configure:4329: checking fcntl.h presence
configure:4329: gcc -E  conftest.c
configure:4329: $? = 0
configure:4329: result: yes
configure:4329: checking for fcntl.h
configure:4329: result: yes
configure:4329: checking for stdlib.h
configure:4329: result: yes
configure:4329: checking for string.h
configure:4329: result: yes
configure:4329: checking signal.h usability
configure:4329: gcc -c -g -O2  conftest.c >&5
configure:4329: $? = 0
configure:4329: result: yes
configure:4329: checking signal.h presence
configure:4329: gcc -E  conftest.c
configure:4329: $? = 0
configure:4329: result: yes
configure:4329: checking for signal.h
configure:4329: result: yes
configure:4329: checking assert.h usability
configure:4329: gcc -c -g -O2  conftest.c >&5
configure:4329: $? = 0
configure:4329: result: yes
configure:4329: checking assert.h presence
configure:4329: gcc -E  conftest.c
configure:4329: $? = 0
configure:4329: result: yes
configure:4329: checking for assert.h
configure:4329: result: yes
configure:4329: checking math.h usability
configure:4329: gcc -c -g -O2  conftest.c >&5
configure:4329: $? = 0
configure:4329: result: yes
configure:4329: checking math.h presence
configure:4329: gcc -E  conftest.c
configure:4329: $? = 0
configure:4329: result: yes
configure:4329: checking for math.h
configure:4329: result: yes
configure:4342: checking sys/time.h usability
configure:4342: gcc -c -g -O2  conftest.c >&5
configure:4342: $? = 0
configure:4342: result: yes
configure:4342: checking sys/time.h presence
configure:4342: gcc -E  conftest.c
configure:4342: $? = 0
configure:4342: result: yes
configure:4342: checking for sys/time.h
configure:4342: result: yes
configure:4353: checking whether time.h and sys/time.h may both be included
configure:4373: gcc -c -g -O2  conftest.c >&5
configure:4373: $? = 0
configure:4380: result: yes
configure:4400: checking whether gcc and cc understand -c and -o together
configure:4431: gcc -c conftest.c -o conftest2.o >&5
configure:4435: $? = 0
configure:4441: gcc -c conftest.c -o conftest2.o >&5
configure:4445: $? = 0
configure:4456: cc -c conftest.c >&5
configure:4460: $? = 0
configure:4468: cc -c conftest.c -o conftest2.o >&5
configure:4472: $? = 0
configure:4478: cc -c conftest.c -o conftest2.o >&5
configure:4482: $? = 0
configure:4500: result: yes
configure:4511: checking for size_t
configure:4511: gcc -c -g -O2  conftest.c >&5
configure:4511: $? = 0
configure:4511: gcc -c -g -O2  conftest.c >&5
conftest.c: In function 'main':
conftest.c:63: error: expected expression before ')' token
configure:4511: $? = 1
configure: failed program was:
| /* confdefs.h */
| #define PACKAGE_NAME "libflame"
| #define PACKAGE_TARNAME "libflame"
| #define PACKAGE_VERSION "r`cat revision`"
| #define PACKAGE_STRING "libflame r`cat revision`"
| #define PACKAGE_BUGREPORT "flame@cs.utexas.edu"
| #define PACKAGE_URL "http://www.cs.utexas.edu/users/flame/"
| #define STDC_HEADERS 1
| #define HAVE_SYS_TYPES_H 1
| #define HAVE_SYS_STAT_H 1
| #define HAVE_STDLIB_H 1
| #define HAVE_STRING_H 1
| #define HAVE_MEMORY_H 1
| #define HAVE_STRINGS_H 1
| #define HAVE_INTTYPES_H 1
| #define HAVE_STDINT_H 1
| #define HAVE_UNISTD_H 1
| #define HAVE_FCNTL_H 1
| #define HAVE_STDLIB_H 1
| #define HAVE_STRING_H 1
| #define HAVE_SIGNAL_H 1
| #define HAVE_ASSERT_H 1
| #define HAVE_MATH_H 1
| #define HAVE_SYS_TIME_H 1
| #define TIME_WITH_SYS_TIME 1
| /* end confdefs.h.  */
| #include <stdio.h>
| #ifdef HAVE_SYS_TYPES_H
| # include <sys/types.h>
| #endif
| #ifdef HAVE_SYS_STAT_H
| # include <sys/stat.h>
| #endif
| #ifdef STDC_HEADERS
| # include <stdlib.h>
| # include <stddef.h>
| #else
| # ifdef HAVE_STDLIB_H
| #  include <stdlib.h>
| # endif
| #endif
| #ifdef HAVE_STRING_H
| # if !defined STDC_HEADERS && defined HAVE_MEMORY_H
| #  include <memory.h>
| # endif
| # include <string.h>
| #endif
| #ifdef HAVE_STRINGS_H
| # include <strings.h>
| #endif
| #ifdef HAVE_INTTYPES_H
| # include <inttypes.h>
| #endif
| #ifdef HAVE_STDINT_H
| # include <stdint.h>
| #endif
| #ifdef HAVE_UNISTD_H
| # include <unistd.h>
| #endif
| int
| main ()
| {
| if (sizeof ((size_t)))
| 	    return 0;
|   ;
|   return 0;
| }
configure:4511: result: yes
configure:4523: checking for an ANSI C-conforming const
configure:4589: gcc -c -g -O2  conftest.c >&5
configure:4589: $? = 0
configure:4596: result: yes
configure:4605: checking for inline
configure:4621: gcc -c -g -O2  conftest.c >&5
configure:4621: $? = 0
configure:4629: result: inline
configure:4648: checking for function prototypes
configure:4651: result: yes
configure:4669: checking whether user requested enabling verbose make output
configure:4702: result: no
configure:4716: checking whether user requested building a static library
configure:4744: result: yes
configure:4763: checking whether user requested building a dynamic library
configure:4796: result: no
configure:4810: checking whether user requested hack to circumvent small ARG_MAX
configure:4843: result: no
configure:4869: checking whether user requested using extra C compiler flags
configure:4898: result: no
configure:4950: checking for (guessing) appropriate gcc language flags
configure:4980: result: -std=c99
configure:4991: checking whether user requested enabling non-critical code
configure:5019: result: yes
configure:5042: checking whether user requested a built-in BLAS implementation
configure:5079: result: no
configure:5093: checking whether user requested the lapack2flame compatibility layer
configure:5131: result: no
configure:5143: checking whether user requested enabling external LAPACK for small subproblems
configure:5181: result: no
configure:5193: checking whether user requested enabling interfaces to external LAPACK routines
configure:5231: result: no
configure:5264: checking whether user requested enabling level-3 BLAS front end control trees
configure:5292: result: yes
configure:5316: checking whether user requested support for multithreading
configure:5351: result: no
configure:5455: checking whether user requested SuperMatrix functionality
configure:5492: result: no
configure:5506: checking whether user requested GPU extensions
configure:5543: result: no
configure:5573: checking whether user requested use of vector intrinsics
configure:5608: result: no
configure:5691: checking whether user requested support for memory alignment
configure:5751: result: no
configure:5757: checking whether user requested enabling additional leading dimension alignment
configure:5794: result: no
configure:5806: checking whether to enable compiler optimizations
configure:5835: result: yes
configure:5851: checking for (guessing) appropriate gcc optimization flags
configure:5912: result: -O3
configure:5924: checking whether to enable compiler warnings
configure:5953: result: yes
configure:5969: checking for (guessing) appropriate gcc warning flags
configure:6030: result: -Wall -Wno-comment
configure:6042: checking whether to enable compiler debugging symbols
configure:6075: result: no
configure:6086: checking for (guessing) appropriate gcc debug flags
configure:6147: result: -g0
configure:6159: checking whether to enable compiler profiling symbols
configure:6193: result: no
configure:6204: checking for (guessing) appropriate gcc profiling flags
configure:6265: result: 
configure:6280: checking whether user requested support for internal error checking
configure:6315: result: yes
configure:6320: checking user-requested internal error checking level
configure:6322: result: full
configure:6356: checking whether user requested enabling FLA_malloc()/FLA_free() memory leak counter
configure:6393: result: no
configure:6405: checking whether user requested enabling code that defines bli_malloc() in terms of FLA_malloc()
configure:6433: result: yes
configure:6454: checking whether user requested enabling interfaces to internal/low-level libgoto functionality
configure:6492: result: no
configure:6504: checking whether user requested using the CBLAS interfaces
configure:6541: result: no
configure:6553: checking whether user requested specific default blocksize in m dimension
configure:6602: result: no
configure:6607: checking whether user requested specific default blocksize in k dimension
configure:6656: result: no
configure:6661: checking whether user requested specific default blocksize in n dimension
configure:6710: result: no
configure:6716: checking whether user requested a portable FLA_Clock() timer
configure:6744: result: yes
configure:6751: checking for clock_gettime
configure:6751: gcc -o conftest -g -O2   conftest.c  >&5
Undefined symbols:
  "_clock_gettime", referenced from:
      _main in ccBwYZF0.o
ld: symbol(s) not found
collect2: ld returned 1 exit status
configure:6751: $? = 1
configure: failed program was:
| /* confdefs.h */
| #define PACKAGE_NAME "libflame"
| #define PACKAGE_TARNAME "libflame"
| #define PACKAGE_VERSION "r`cat revision`"
| #define PACKAGE_STRING "libflame r`cat revision`"
| #define PACKAGE_BUGREPORT "flame@cs.utexas.edu"
| #define PACKAGE_URL "http://www.cs.utexas.edu/users/flame/"
| #define STDC_HEADERS 1
| #define HAVE_SYS_TYPES_H 1
| #define HAVE_SYS_STAT_H 1
| #define HAVE_STDLIB_H 1
| #define HAVE_STRING_H 1
| #define HAVE_MEMORY_H 1
| #define HAVE_STRINGS_H 1
| #define HAVE_INTTYPES_H 1
| #define HAVE_STDINT_H 1
| #define HAVE_UNISTD_H 1
| #define HAVE_FCNTL_H 1
| #define HAVE_STDLIB_H 1
| #define HAVE_STRING_H 1
| #define HAVE_SIGNAL_H 1
| #define HAVE_ASSERT_H 1
| #define HAVE_MATH_H 1
| #define HAVE_SYS_TIME_H 1
| #define TIME_WITH_SYS_TIME 1
| #define PROTOTYPES 1
| #define __PROTOTYPES 1
| #define _GNU_SOURCE 1
| #define FLA_ENABLE_NON_CRITICAL_CODE 1
| #define FLA_ENABLE_BLAS3_FRONT_END_CNTL_TREES 1
| #define FLA_MULTITHREADING_MODEL 0
| #define FLA_VECTOR_INTRINSIC_TYPE 0
| #define FLA_ENABLE_INTERNAL_ERROR_CHECKING 1
| #define FLA_INTERNAL_ERROR_CHECKING_LEVEL 2
| #define FLA_ENABLE_BLIS_USE_OF_FLA_MALLOC 1
| #define FLA_ENABLE_PORTABLE_TIMER 1
| /* end confdefs.h.  */
| /* Define clock_gettime to an innocuous variant, in case <limits.h> declares clock_gettime.
|    For example, HP-UX 11i <limits.h> declares gettimeofday.  */
| #define clock_gettime innocuous_clock_gettime
| 
| /* System header to define __stub macros and hopefully few prototypes,
|     which can conflict with char clock_gettime (); below.
|     Prefer <limits.h> to <assert.h> if __STDC__ is defined, since
|     <limits.h> exists even on freestanding compilers.  */
| 
| #ifdef __STDC__
| # include <limits.h>
| #else
| # include <assert.h>
| #endif
| 
| #undef clock_gettime
| 
| /* Override any GCC internal prototype to avoid an error.
|    Use char because int might match the return type of a GCC
|    builtin and then its argument prototype would still apply.  */
| #ifdef __cplusplus
| extern "C"
| #endif
| char clock_gettime ();
| /* The GNU C library defines this for functions which it implements
|     to always fail with ENOSYS.  Some functions are actually named
|     something starting with __ and the normal name is an alias.  */
| #if defined __stub_clock_gettime || defined __stub___clock_gettime
| choke me
| #endif
| 
| int
| main ()
| {
| return clock_gettime ();
|   ;
|   return 0;
| }
configure:6751: result: no
configure:6756: checking for gettimeofday
configure:6756: gcc -o conftest -g -O2   conftest.c  >&5
configure:6756: $? = 0
configure:6756: result: yes
configure:6816: checking whether user requested modifying libflame compilating/linking on Windows
configure:6853: result: no
configure:6865: checking whether user requested SCC extensions
configure:6902: result: no
configure:6916: checking whether user requested support for Texas Instruments' DSP
configure:6953: result: no
configure:6972: checking for error_at_line
configure:6988: gcc -o conftest -g -O2   conftest.c  >&5
conftest.c:39:19: error: error.h: No such file or directory
configure:6988: $? = 1
configure: failed program was:
| /* confdefs.h */
| #define PACKAGE_NAME "libflame"
| #define PACKAGE_TARNAME "libflame"
| #define PACKAGE_VERSION "r`cat revision`"
| #define PACKAGE_STRING "libflame r`cat revision`"
| #define PACKAGE_BUGREPORT "flame@cs.utexas.edu"
| #define PACKAGE_URL "http://www.cs.utexas.edu/users/flame/"
| #define STDC_HEADERS 1
| #define HAVE_SYS_TYPES_H 1
| #define HAVE_SYS_STAT_H 1
| #define HAVE_STDLIB_H 1
| #define HAVE_STRING_H 1
| #define HAVE_MEMORY_H 1
| #define HAVE_STRINGS_H 1
| #define HAVE_INTTYPES_H 1
| #define HAVE_STDINT_H 1
| #define HAVE_UNISTD_H 1
| #define HAVE_FCNTL_H 1
| #define HAVE_STDLIB_H 1
| #define HAVE_STRING_H 1
| #define HAVE_SIGNAL_H 1
| #define HAVE_ASSERT_H 1
| #define HAVE_MATH_H 1
| #define HAVE_SYS_TIME_H 1
| #define TIME_WITH_SYS_TIME 1
| #define PROTOTYPES 1
| #define __PROTOTYPES 1
| #define _GNU_SOURCE 1
| #define FLA_ENABLE_NON_CRITICAL_CODE 1
| #define FLA_ENABLE_BLAS3_FRONT_END_CNTL_TREES 1
| #define FLA_MULTITHREADING_MODEL 0
| #define FLA_VECTOR_INTRINSIC_TYPE 0
| #define FLA_ENABLE_INTERNAL_ERROR_CHECKING 1
| #define FLA_INTERNAL_ERROR_CHECKING_LEVEL 2
| #define FLA_ENABLE_BLIS_USE_OF_FLA_MALLOC 1
| #define FLA_ENABLE_PORTABLE_TIMER 1
| #define FLA_PORTABLE_TIMER_IS_GETTIMEOFDAY 1
| /* end confdefs.h.  */
| #include <error.h>
| int
| main ()
| {
| error_at_line (0, 0, "", 0, "an error occurred");
|   ;
|   return 0;
| }
configure:6996: result: no
configure:7009: checking for working memcmp
configure:7052: gcc -o conftest -g -O2   conftest.c  >&5
configure:7052: $? = 0
configure:7052: ./conftest
configure:7052: $? = 0
configure:7062: result: yes
configure:7073: checking for sqrt in -lm
configure:7098: gcc -o conftest -g -O2   conftest.c -lm   >&5
conftest.c:46: warning: conflicting types for built-in function 'sqrt'
configure:7098: $? = 0
configure:7107: result: yes
configure:7118: checking for fabs in -lm
configure:7143: gcc -o conftest -g -O2   conftest.c -lm  -lm  >&5
conftest.c:47: warning: conflicting types for built-in function 'fabs'
configure:7143: $? = 0
configure:7152: result: yes
configure:7163: checking for pow in -lm
configure:7188: gcc -o conftest -g -O2   conftest.c -lm  -lm -lm  >&5
conftest.c:48: warning: conflicting types for built-in function 'pow'
configure:7188: $? = 0
configure:7197: result: yes
configure:7345: creating ./config.status

## ---------------------- ##
## Running config.status. ##
## ---------------------- ##

This file was extended by libflame config.status r52, which was
generated by GNU Autoconf 2.69.  Invocation command line was

  CONFIG_FILES    = 
  CONFIG_HEADERS  = 
  CONFIG_LINKS    = 
  CONFIG_COMMANDS = 
  $ ./config.status 

on wireless-206-76-99-9.public.utexas.edu

config.status:899: creating build/config.mk
config.status:899: creating build/post-configure.sh
config.status:899: creating build/FLA_config.h
config.status:1088: executing config.status commands

## ---------------- ##
## Cache variables. ##
## ---------------- ##

_cv_gnu_bash_command=bash
_cv_gnu_make_command=make
ac_cv_build=x86_64-apple-darwin10.8.0
ac_cv_c_compiler_gnu=yes
ac_cv_c_const=yes
ac_cv_c_inline=inline
ac_cv_env_AR_set=
ac_cv_env_AR_value=
ac_cv_env_CC_set=
ac_cv_env_CC_value=
ac_cv_env_CFLAGS_set=
ac_cv_env_CFLAGS_value=
ac_cv_env_CPPFLAGS_set=
ac_cv_env_CPPFLAGS_value=
ac_cv_env_CPP_set=
ac_cv_env_CPP_value=
ac_cv_env_EXTRA_CFLAGS_set=
ac_cv_env_EXTRA_CFLAGS_value=
ac_cv_env_FIND_set=
ac_cv_env_FIND_value=
ac_cv_env_LDFLAGS_set=
ac_cv_env_LDFLAGS_value=
ac_cv_env_LIBS_set=
ac_cv_env_LIBS_value=
ac_cv_env_RANLIB_set=
ac_cv_env_RANLIB_value=
ac_cv_env_XARGS_set=
ac_cv_env_XARGS_value=
ac_cv_env_build_alias_set=
ac_cv_env_build_alias_value=
ac_cv_env_host_alias_set=
ac_cv_env_host_alias_value=
ac_cv_env_target_alias_set=
ac_cv_env_target_alias_value=
ac_cv_func_clock_gettime=no
ac_cv_func_gettimeofday=yes
ac_cv_func_memcmp_working=yes
ac_cv_header_assert_h=yes
ac_cv_header_fcntl_h=yes
ac_cv_header_ia64intrin_h=no
ac_cv_header_inttypes_h=yes
ac_cv_header_math_h=yes
ac_cv_header_memory_h=yes
ac_cv_header_signal_h=yes
ac_cv_header_stdc=yes
ac_cv_header_stdint_h=yes
ac_cv_header_stdlib_h=yes
ac_cv_header_string_h=yes
ac_cv_header_strings_h=yes
ac_cv_header_sys_stat_h=yes
ac_cv_header_sys_time_h=yes
ac_cv_header_sys_types_h=yes
ac_cv_header_time=yes
ac_cv_header_unistd_h=yes
ac_cv_host=x86_64-apple-darwin10.8.0
ac_cv_lib_error_at_line=no
ac_cv_lib_m_fabs=yes
ac_cv_lib_m_pow=yes
ac_cv_lib_m_sqrt=yes
ac_cv_objext=o
ac_cv_path_EGREP='/usr/bin/grep -E'
ac_cv_path_GREP=/usr/bin/grep
ac_cv_path_install='/usr/bin/install -c'
ac_cv_prog_AR=ar
ac_cv_prog_CPP='gcc -E'
ac_cv_prog_FIND=find
ac_cv_prog_RANLIB=ranlib
ac_cv_prog_XARGS=xargs
ac_cv_prog_ac_ct_CC=gcc
ac_cv_prog_cc_c89=
ac_cv_prog_cc_g=yes
ac_cv_prog_cc_gcc_c_o=yes
ac_cv_type_size_t=yes

## ----------------- ##
## Output variables. ##
## ----------------- ##

AR='ar'
CC='gcc'
CFLAGS='-g -O2'
CPP='gcc -E'
CPPFLAGS=''
DEFS='-DHAVE_CONFIG_H'
ECHO_C='\c'
ECHO_N=''
ECHO_T=''
EGREP='/usr/bin/grep -E'
EXEEXT=''
EXTRA_CFLAGS=''
FIND='find'
GREP='/usr/bin/grep'
INSTALL_DATA='${INSTALL} -m 644'
INSTALL_PROGRAM='${INSTALL}'
INSTALL_SCRIPT='${INSTALL}'
LDFLAGS=''
LIBOBJS=' ${LIBOBJDIR}error$U.o'
LIBS='-lm -lm -lm '
LN_S='ln -s'
LTLIBOBJS=' ${LIBOBJDIR}error$U.lo'
OBJEXT='o'
PACKAGE_BUGREPORT='flame@cs.utexas.edu'
PACKAGE_NAME='libflame'
PACKAGE_STRING='libflame r`cat revision`'
PACKAGE_TARNAME='libflame'
PACKAGE_URL='http://www.cs.utexas.edu/users/flame/'
PACKAGE_VERSION='r`cat revision`'
PATH_SEPARATOR=':'
RANLIB='ranlib'
SHELL='/bin/sh'
XARGS='xargs'
ac_ct_CC='gcc'
bindir='${exec_prefix}/bin'
build='x86_64-apple-darwin10.8.0'
build_alias=''
build_cpu='x86_64'
build_os='darwin10.8.0'
build_vendor='apple'
datadir='${datarootdir}'
datarootdir='${prefix}/share'
docdir='${datarootdir}/doc/${PACKAGE_TARNAME}'
dvidir='${docdir}'
exec_prefix='${prefix}'
fla_blis_flags='-DBLIS_FROM_LIBFLAME'
fla_c_debug_flags='-g0'
fla_c_lang_flags='-std=c99'
fla_c_openmp_flags=''
fla_c_opt_flags='-O3'
fla_c_prof_flags=''
fla_c_sse_flags=''
fla_c_warning_flags='-Wall -Wno-comment'
fla_default_k_blocksize=''
fla_default_m_blocksize=''
fla_default_n_blocksize=''
fla_enable_blas3_front_end_cntl_trees='yes'
fla_enable_blis_use_of_fla_malloc='yes'
fla_enable_builtin_blas='no'
fla_enable_cblas_interfaces='no'
fla_enable_compiler_debug='no'
fla_enable_compiler_optimizations='yes'
fla_enable_compiler_profiling='no'
fla_enable_compiler_warnings='yes'
fla_enable_default_k_blocksize='no'
fla_enable_default_m_blocksize='no'
fla_enable_default_n_blocksize='no'
fla_enable_dynamic_build='no'
fla_enable_external_lapack_for_subproblems='no'
fla_enable_external_lapack_interfaces='no'
fla_enable_goto_interfaces='no'
fla_enable_gpu='no'
fla_enable_internal_error_checking='yes'
fla_enable_lapack2flame='no'
fla_enable_ldim_alignment='no'
fla_enable_max_arg_list_hack='no'
fla_enable_memory_alignment='no'
fla_enable_memory_leak_counter='no'
fla_enable_multithreading='no'
fla_enable_non_critical_code='yes'
fla_enable_portable_timer='yes'
fla_enable_scc='no'
fla_enable_static_build='yes'
fla_enable_supermatrix='no'
fla_enable_tidsp='no'
fla_enable_vector_intrinsics='no'
fla_enable_verbose_make_output='no'
fla_enable_windows_build='no'
fla_extra_cflags=''
fla_gnu_make_found='yes'
fla_host_cpu='x86_64'
fla_internal_error_checking_level='full'
fla_memory_alignment_boundary=''
fla_multithreading_model='none'
fla_portable_timer_function='gettimeofday()'
fla_userdef_cflags=''
fla_vector_intrinsic_type='none'
fla_with_extra_cflags='no'
host='x86_64-apple-darwin10.8.0'
host_alias=''
host_cpu='x86_64'
host_os='darwin10.8.0'
host_vendor='apple'
htmldir='${docdir}'
includedir='${prefix}/include'
infodir='${datarootdir}/info'
libdir='${exec_prefix}/lib'
libexecdir='${exec_prefix}/libexec'
localedir='${datarootdir}/locale'
localstatedir='${prefix}/var'
mandir='${datarootdir}/man'
oldincludedir='/usr/include'
pdfdir='${docdir}'
prefix='/Users/martin/flame'
program_transform_name='s,x,x,'
psdir='${docdir}'
sbindir='${exec_prefix}/sbin'
sharedstatedir='${prefix}/com'
sysconfdir='${prefix}/etc'
target_alias=''

## ----------- ##
## confdefs.h. ##
## ----------- ##

/* confdefs.h */
#define PACKAGE_NAME "libflame"
#define PACKAGE_TARNAME "libflame"
#define PACKAGE_VERSION "r`cat revision`"
#define PACKAGE_STRING "libflame r`cat revision`"
#define PACKAGE_BUGREPORT "flame@cs.utexas.edu"
#define PACKAGE_URL "http://www.cs.utexas.edu/users/flame/"
#define STDC_HEADERS 1
#define HAVE_SYS_TYPES_H 1
#define HAVE_SYS_STAT_H 1
#define HAVE_STDLIB_H 1
#define HAVE_STRING_H 1
#define HAVE_MEMORY_H 1
#define HAVE_STRINGS_H 1
#define HAVE_INTTYPES_H 1
#define HAVE_STDINT_H 1
#define HAVE_UNISTD_H 1
#define HAVE_FCNTL_H 1
#define HAVE_STDLIB_H 1
#define HAVE_STRING_H 1
#define HAVE_SIGNAL_H 1
#define HAVE_ASSERT_H 1
#define HAVE_MATH_H 1
#define HAVE_SYS_TIME_H 1
#define TIME_WITH_SYS_TIME 1
#define PROTOTYPES 1
#define __PROTOTYPES 1
#define _GNU_SOURCE 1
#define FLA_ENABLE_NON_CRITICAL_CODE 1
#define FLA_ENABLE_BLAS3_FRONT_END_CNTL_TREES 1
#define FLA_MULTITHREADING_MODEL 0
#define FLA_VECTOR_INTRINSIC_TYPE 0
#define FLA_ENABLE_INTERNAL_ERROR_CHECKING 1
#define FLA_INTERNAL_ERROR_CHECKING_LEVEL 2
#define FLA_ENABLE_BLIS_USE_OF_FLA_MALLOC 1
#define FLA_ENABLE_PORTABLE_TIMER 1
#define FLA_PORTABLE_TIMER_IS_GETTIMEOFDAY 1
#define HAVE_LIBM 1
#define HAVE_LIBM 1
#define HAVE_LIBM 1

configure: exit 0
